<?xml version="1.0" encoding="UTF-8"?>
<!-- Generated by org.testng.reporters.JUnitReportReporter -->
<testsuite name="com.hubspot.Test.LoginTest" tests="2" time="19.342" ignored="0" failures="0" timestamp="22 May 2021 10:44:21 GMT" skipped="0" hostname="W00000PC1FM434" errors="0">
  <testcase name="Login" time="15.442" classname="com.hubspot.Test.LoginTest"/>
  <testcase name="VerifyTitle" time="3.900" classname="com.hubspot.Test.LoginTest"/>
</testsuite> <!-- com.hubspot.Test.LoginTest -->
