<?xml version="1.0" encoding="UTF-8"?>
<!-- Generated by org.testng.reporters.JUnitReportReporter -->
<testsuite name="com.hubspot.Test.LoginTest" tests="2" time="18.630" ignored="0" failures="0" timestamp="22 May 2021 09:38:54 GMT" skipped="0" hostname="W00000PC1FM434" errors="0">
  <testcase name="Login" time="15.521" classname="com.hubspot.Test.LoginTest"/>
  <testcase name="VerifyTitle" time="3.109" classname="com.hubspot.Test.LoginTest"/>
</testsuite> <!-- com.hubspot.Test.LoginTest -->
